<?xml version="1.0" encoding="UTF-8"?>
<testng-results ignored="0" total="1" passed="1" failed="0" skipped="0">
  <reporter-output>
  </reporter-output>
  <suite started-at="2023-06-29T19:48:50 CDT" name="Default suite" finished-at="2023-06-29T19:50:42 CDT" duration-ms="112202">
    <groups>
    </groups>
    <test started-at="2023-06-29T19:48:50 CDT" name="Default test" finished-at="2023-06-29T19:50:42 CDT" duration-ms="112202">
      <class name="org.qa.testcases.Homepagetest">
        <test-method is-config="true" signature="setup()[pri:0, instance:org.qa.testcases.Homepagetest@13e3c1c7]" started-at="2023-06-29T19:48:50 CDT" name="setup" finished-at="2023-06-29T19:50:31 CDT" duration-ms="100660" status="PASS">
          <reporter-output>
          </reporter-output>
        </test-method> <!-- setup -->
        <test-method signature="verifyinghomepagetiletest()[pri:0, instance:org.qa.testcases.Homepagetest@13e3c1c7]" started-at="2023-06-29T19:50:31 CDT" name="verifyinghomepagetiletest" finished-at="2023-06-29T19:50:41 CDT" duration-ms="10011" status="PASS">
          <reporter-output>
          </reporter-output>
        </test-method> <!-- verifyinghomepagetiletest -->
        <test-method is-config="true" signature="teardown()[pri:0, instance:org.qa.testcases.Homepagetest@13e3c1c7]" started-at="2023-06-29T19:50:41 CDT" name="teardown" finished-at="2023-06-29T19:50:42 CDT" duration-ms="1226" status="PASS">
          <reporter-output>
          </reporter-output>
        </test-method> <!-- teardown -->
      </class> <!-- org.qa.testcases.Homepagetest -->
    </test> <!-- Default test -->
  </suite> <!-- Default suite -->
</testng-results>
